<?xml version="1.0" encoding="UTF-8"?>
<!-- Generated by org.testng.reporters.JUnitReportReporter -->
<testsuite skipped="1" hostname="SEZT1FF153HL" name="einsteinFramework.ChatBot" tests="4" failures="0" timestamp="2020-01-07T12:25:02 IST" time="40.589" errors="0">
  <testcase name="login" time="5.631" classname="einsteinFramework.ChatBot"/>
  <testcase name="verifyPredictionOpened" time="33.527" classname="einsteinFramework.ChatBot"/>
  <testcase name="verifyChatBotREsponseData" time="1.431" classname="einsteinFramework.ChatBot"/>
  <testcase name="homeVerify" classname="einsteinFramework.ChatBot">
    <skipped/>
  </testcase> <!-- homeVerify -->
</testsuite> <!-- einsteinFramework.ChatBot -->
